<?xml version="1.0" encoding="UTF-8"?>
<testsuite xmlns:xsi="http://www.w3.org/2001/XMLSchema-instance" xsi:noNamespaceSchemaLocation="https://maven.apache.org/surefire/maven-surefire-plugin/xsd/surefire-test-report-3.0.xsd" version="3.0" name="com.bookswap.AppTest" time="0.06" tests="1" errors="0" skipped="0" failures="0">
  <properties>
    <property name="java.specification.version" value="21"/>
    <property name="sun.cpu.isalist" value="amd64"/>
    <property name="sun.jnu.encoding" value="Cp1252"/>
    <property name="java.class.path" value="C:\Users\anyga\.xampp\htdocs\BookSwap\target\test-classes;C:\Users\anyga\.xampp\htdocs\BookSwap\target\classes;C:\Users\anyga\.m2\repository\io\javalin\javalin\6.7.0\javalin-6.7.0.jar;C:\Users\anyga\.m2\repository\org\slf4j\slf4j-api\2.0.17\slf4j-api-2.0.17.jar;C:\Users\anyga\.m2\repository\org\eclipse\jetty\jetty-server\11.0.25\jetty-server-11.0.25.jar;C:\Users\anyga\.m2\repository\org\eclipse\jetty\jetty-http\11.0.25\jetty-http-11.0.25.jar;C:\Users\anyga\.m2\repository\org\eclipse\jetty\jetty-util\11.0.25\jetty-util-11.0.25.jar;C:\Users\anyga\.m2\repository\org\eclipse\jetty\jetty-io\11.0.25\jetty-io-11.0.25.jar;C:\Users\anyga\.m2\repository\org\eclipse\jetty\toolchain\jetty-jakarta-servlet-api\5.0.2\jetty-jakarta-servlet-api-5.0.2.jar;C:\Users\anyga\.m2\repository\org\eclipse\jetty\websocket\websocket-jetty-server\11.0.25\websocket-jetty-server-11.0.25.jar;C:\Users\anyga\.m2\repository\org\eclipse\jetty\jetty-servlet\11.0.25\jetty-servlet-11.0.25.jar;C:\Users\anyga\.m2\repository\org\eclipse\jetty\jetty-security\11.0.25\jetty-security-11.0.25.jar;C:\Users\anyga\.m2\repository\org\eclipse\jetty\jetty-webapp\11.0.25\jetty-webapp-11.0.25.jar;C:\Users\anyga\.m2\repository\org\eclipse\jetty\jetty-xml\11.0.25\jetty-xml-11.0.25.jar;C:\Users\anyga\.m2\repository\org\eclipse\jetty\websocket\websocket-jetty-api\11.0.25\websocket-jetty-api-11.0.25.jar;C:\Users\anyga\.m2\repository\org\eclipse\jetty\websocket\websocket-jetty-common\11.0.25\websocket-jetty-common-11.0.25.jar;C:\Users\anyga\.m2\repository\org\eclipse\jetty\websocket\websocket-core-common\11.0.25\websocket-core-common-11.0.25.jar;C:\Users\anyga\.m2\repository\org\eclipse\jetty\websocket\websocket-servlet\11.0.25\websocket-servlet-11.0.25.jar;C:\Users\anyga\.m2\repository\org\eclipse\jetty\websocket\websocket-core-server\11.0.25\websocket-core-server-11.0.25.jar;C:\Users\anyga\.m2\repository\org\jetbrains\kotlin\kotlin-stdlib-jdk8\1.9.25\kotlin-stdlib-jdk8-1.9.25.jar;C:\Users\anyga\.m2\repository\org\jetbrains\kotlin\kotlin-stdlib\1.9.25\kotlin-stdlib-1.9.25.jar;C:\Users\anyga\.m2\repository\org\jetbrains\annotations\13.0\annotations-13.0.jar;C:\Users\anyga\.m2\repository\org\jetbrains\kotlin\kotlin-stdlib-jdk7\1.9.25\kotlin-stdlib-jdk7-1.9.25.jar;C:\Users\anyga\.m2\repository\io\javalin\javalin-rendering\6.7.0\javalin-rendering-6.7.0.jar;C:\Users\anyga\.m2\repository\junit\junit\4.13.2\junit-4.13.2.jar;C:\Users\anyga\.m2\repository\org\hamcrest\hamcrest-core\1.3\hamcrest-core-1.3.jar;C:\Users\anyga\.m2\repository\org\slf4j\slf4j-simple\2.0.16\slf4j-simple-2.0.16.jar;C:\Users\anyga\.m2\repository\org\freemarker\freemarker\2.3.34\freemarker-2.3.34.jar;C:\Users\anyga\.m2\repository\mysql\mysql-connector-java\8.0.28\mysql-connector-java-8.0.28.jar;C:\Users\anyga\.m2\repository\com\google\protobuf\protobuf-java\3.11.4\protobuf-java-3.11.4.jar;C:\Users\anyga\.m2\repository\org\mindrot\jbcrypt\0.4\jbcrypt-0.4.jar;"/>
    <property name="java.vm.vendor" value="Eclipse Adoptium"/>
    <property name="sun.arch.data.model" value="64"/>
    <property name="user.variant" value=""/>
    <property name="java.vendor.url" value="https://adoptium.net/"/>
    <property name="user.timezone" value="America/Sao_Paulo"/>
    <property name="os.name" value="Windows 10"/>
    <property name="java.vm.specification.version" value="21"/>
    <property name="sun.java.launcher" value="SUN_STANDARD"/>
    <property name="user.country" value="BR"/>
    <property name="sun.boot.library.path" value="C:\Program Files\Eclipse Adoptium\jdk-21.0.2.13-hotspot\bin"/>
    <property name="sun.java.command" value="C:\Users\anyga\AppData\Local\Temp\surefire15811406044659415404\surefirebooter-20250930081953153_3.jar C:\Users\anyga\AppData\Local\Temp\surefire15811406044659415404 2025-09-30T08-19-51_336-jvmRun1 surefire-20250930081953153_1tmp surefire_0-20250930081953153_2tmp"/>
    <property name="jdk.debug" value="release"/>
    <property name="surefire.test.class.path" value="C:\Users\anyga\.xampp\htdocs\BookSwap\target\test-classes;C:\Users\anyga\.xampp\htdocs\BookSwap\target\classes;C:\Users\anyga\.m2\repository\io\javalin\javalin\6.7.0\javalin-6.7.0.jar;C:\Users\anyga\.m2\repository\org\slf4j\slf4j-api\2.0.17\slf4j-api-2.0.17.jar;C:\Users\anyga\.m2\repository\org\eclipse\jetty\jetty-server\11.0.25\jetty-server-11.0.25.jar;C:\Users\anyga\.m2\repository\org\eclipse\jetty\jetty-http\11.0.25\jetty-http-11.0.25.jar;C:\Users\anyga\.m2\repository\org\eclipse\jetty\jetty-util\11.0.25\jetty-util-11.0.25.jar;C:\Users\anyga\.m2\repository\org\eclipse\jetty\jetty-io\11.0.25\jetty-io-11.0.25.jar;C:\Users\anyga\.m2\repository\org\eclipse\jetty\toolchain\jetty-jakarta-servlet-api\5.0.2\jetty-jakarta-servlet-api-5.0.2.jar;C:\Users\anyga\.m2\repository\org\eclipse\jetty\websocket\websocket-jetty-server\11.0.25\websocket-jetty-server-11.0.25.jar;C:\Users\anyga\.m2\repository\org\eclipse\jetty\jetty-servlet\11.0.25\jetty-servlet-11.0.25.jar;C:\Users\anyga\.m2\repository\org\eclipse\jetty\jetty-security\11.0.25\jetty-security-11.0.25.jar;C:\Users\anyga\.m2\repository\org\eclipse\jetty\jetty-webapp\11.0.25\jetty-webapp-11.0.25.jar;C:\Users\anyga\.m2\repository\org\eclipse\jetty\jetty-xml\11.0.25\jetty-xml-11.0.25.jar;C:\Users\anyga\.m2\repository\org\eclipse\jetty\websocket\websocket-jetty-api\11.0.25\websocket-jetty-api-11.0.25.jar;C:\Users\anyga\.m2\repository\org\eclipse\jetty\websocket\websocket-jetty-common\11.0.25\websocket-jetty-common-11.0.25.jar;C:\Users\anyga\.m2\repository\org\eclipse\jetty\websocket\websocket-core-common\11.0.25\websocket-core-common-11.0.25.jar;C:\Users\anyga\.m2\repository\org\eclipse\jetty\websocket\websocket-servlet\11.0.25\websocket-servlet-11.0.25.jar;C:\Users\anyga\.m2\repository\org\eclipse\jetty\websocket\websocket-core-server\11.0.25\websocket-core-server-11.0.25.jar;C:\Users\anyga\.m2\repository\org\jetbrains\kotlin\kotlin-stdlib-jdk8\1.9.25\kotlin-stdlib-jdk8-1.9.25.jar;C:\Users\anyga\.m2\repository\org\jetbrains\kotlin\kotlin-stdlib\1.9.25\kotlin-stdlib-1.9.25.jar;C:\Users\anyga\.m2\repository\org\jetbrains\annotations\13.0\annotations-13.0.jar;C:\Users\anyga\.m2\repository\org\jetbrains\kotlin\kotlin-stdlib-jdk7\1.9.25\kotlin-stdlib-jdk7-1.9.25.jar;C:\Users\anyga\.m2\repository\io\javalin\javalin-rendering\6.7.0\javalin-rendering-6.7.0.jar;C:\Users\anyga\.m2\repository\junit\junit\4.13.2\junit-4.13.2.jar;C:\Users\anyga\.m2\repository\org\hamcrest\hamcrest-core\1.3\hamcrest-core-1.3.jar;C:\Users\anyga\.m2\repository\org\slf4j\slf4j-simple\2.0.16\slf4j-simple-2.0.16.jar;C:\Users\anyga\.m2\repository\org\freemarker\freemarker\2.3.34\freemarker-2.3.34.jar;C:\Users\anyga\.m2\repository\mysql\mysql-connector-java\8.0.28\mysql-connector-java-8.0.28.jar;C:\Users\anyga\.m2\repository\com\google\protobuf\protobuf-java\3.11.4\protobuf-java-3.11.4.jar;C:\Users\anyga\.m2\repository\org\mindrot\jbcrypt\0.4\jbcrypt-0.4.jar;"/>
    <property name="sun.cpu.endian" value="little"/>
    <property name="user.home" value="C:\Users\anyga"/>
    <property name="user.language" value="pt"/>
    <property name="java.specification.vendor" value="Oracle Corporation"/>
    <property name="java.version.date" value="2024-01-16"/>
    <property name="java.home" value="C:\Program Files\Eclipse Adoptium\jdk-21.0.2.13-hotspot"/>
    <property name="file.separator" value="\"/>
    <property name="basedir" value="C:\Users\anyga\.xampp\htdocs\BookSwap"/>
    <property name="java.vm.compressedOopsMode" value="32-bit"/>
    <property name="line.separator" value="&#10;"/>
    <property name="java.vm.specification.vendor" value="Oracle Corporation"/>
    <property name="java.specification.name" value="Java Platform API Specification"/>
    <property name="surefire.real.class.path" value="C:\Users\anyga\AppData\Local\Temp\surefire15811406044659415404\surefirebooter-20250930081953153_3.jar"/>
    <property name="user.script" value=""/>
    <property name="sun.management.compiler" value="HotSpot 64-Bit Tiered Compilers"/>
    <property name="java.runtime.version" value="21.0.2+13-LTS"/>
    <property name="user.name" value="anyga"/>
    <property name="stdout.encoding" value="UTF-8"/>
    <property name="path.separator" value=";"/>
    <property name="os.version" value="10.0"/>
    <property name="java.runtime.name" value="OpenJDK Runtime Environment"/>
    <property name="file.encoding" value="UTF-8"/>
    <property name="java.vm.name" value="OpenJDK 64-Bit Server VM"/>
    <property name="java.vendor.version" value="Temurin-21.0.2+13"/>
    <property name="localRepository" value="C:\Users\anyga\.m2\repository"/>
    <property name="java.vendor.url.bug" value="https://github.com/adoptium/adoptium-support/issues"/>
    <property name="java.io.tmpdir" value="C:\Users\anyga\AppData\Local\Temp\"/>
    <property name="java.version" value="21.0.2"/>
    <property name="user.dir" value="C:\Users\anyga\.xampp\htdocs\BookSwap"/>
    <property name="os.arch" value="amd64"/>
    <property name="java.vm.specification.name" value="Java Virtual Machine Specification"/>
    <property name="sun.os.patch.level" value=""/>
    <property name="native.encoding" value="Cp1252"/>
    <property name="java.library.path" value="C:\Program Files\Eclipse Adoptium\jdk-21.0.2.13-hotspot\bin;C:\Windows\Sun\Java\bin;C:\Windows\system32;C:\Windows;C:\Program Files\Eclipse Adoptium\jdk-21.0.2.13-hotspot\bin;C:\Python312\Scripts\;C:\Python312\;C:\Program Files (x86)\Common Files\Intel\Shared Libraries\redist\intel64\compiler;C:\Windows\system32;C:\Windows;C:\Windows\System32\Wbem;C:\Windows\System32\WindowsPowerShell\v1.0\;C:\Windows\System32\OpenSSH\;C:\Program Files\dotnet\;C:\Program Files\Git\cmd;C:\Program Files\nodejs\;C:\ProgramData\chocolatey\bin;C:\Program Files\Eclipse Adoptium\jdk-21.0.2.13-hotspot\bin;C:\ProgramData\chocolatey\lib\maven\apache-maven-3.9.9\bin;C:\Program Files\Docker\Docker\resources\bin;C:\Ruby34-x64\bin;C:\Program Files\nodejs;C:\Users\anyga\AppData\Local\Microsoft\WindowsApps;C:\Users\anyga\AppData\Local\GitHubDesktop\bin;C:\Users\anyga\AppData\Local\Programs\Microsoft VS Code\bin;C:\Users\anyga\AppData\Roaming\npm;C:\Users\anyga\.xampp\php;C:\Users\anyga\AppData\Local\ComposerSetup\bin;C:\Users\anyga\AppData\Roaming\Composer\vendor\bin;c:\Users\anyga\AppData\Roaming\Code\User\globalStorage\github.copilot-chat\debugCommand;."/>
    <property name="java.vm.info" value="mixed mode, sharing"/>
    <property name="stderr.encoding" value="UTF-8"/>
    <property name="java.vendor" value="Eclipse Adoptium"/>
    <property name="java.vm.version" value="21.0.2+13-LTS"/>
    <property name="sun.io.unicode.encoding" value="UnicodeLittle"/>
    <property name="java.class.version" value="65.0"/>
  </properties>
  <testcase name="testApp" classname="com.bookswap.AppTest" time="0.008"/>
</testsuite>